<?xml version="1.0" encoding="UTF-8"?>
<!-- Generated by org.testng.reporters.JUnitReportReporter -->
<testsuite hostname="DESKTOP-T8JE89P" failures="0" tests="1" name="com.api.tests.SearchJobApiTest" time="0.878" errors="0" timestamp="2024-03-30T02:12:11 IST" skipped="0">
  <testcase classname="com.api.tests.SearchJobApiTest" name="loginApiTest" time="0.878"/>
  <system-out/>
</testsuite> <!-- com.api.tests.SearchJobApiTest -->
