<?xml version="1.0" encoding="UTF-8"?>
<!-- Generated by org.testng.reporters.JUnitReportReporter -->
<testsuite hostname="DESKTOP-T8JE89P" failures="0" tests="2" name="com.api.tests.CreateJobApiRequest" time="8.023" errors="0" timestamp="2024-04-05T14:38:51 IST" skipped="0">
  <testcase classname="com.api.tests.CreateJobApiRequest" name="test_if_data_entered_correctly_in_DB" time="2.288"/>
  <system-out/>
  <testcase classname="com.api.tests.CreateJobApiRequest" name="Test_api_create_joB" time="5.735"/>
  <system-out/>
</testsuite> <!-- com.api.tests.CreateJobApiRequest -->
