<?xml version="1.0" encoding="UTF-8"?>
<!-- Generated by org.testng.reporters.JUnitReportReporter -->
<testsuite hostname="DESKTOP-T8JE89P" failures="0" tests="1" name="com.api.tests.LoginApiTest" time="5.166" errors="0" timestamp="2023-11-27T00:26:03 IST" skipped="0">
  <testcase classname="com.api.tests.LoginApiTest" name="loginApiTest" time="5.166"/>
  <system-out/>
</testsuite> <!-- com.api.tests.LoginApiTest -->
