<?xml version="1.0" encoding="UTF-8"?>
<!-- Generated by org.testng.reporters.JUnitReportReporter -->
<testsuite hostname="DESKTOP-T8JE89P" failures="0" tests="2" name="com.api.tests.CreateJobApiRequest" time="6.082" errors="0" timestamp="2024-03-25T01:37:09 IST" skipped="0">
  <testcase classname="com.api.tests.CreateJobApiRequest" name="Test_api_create_joB" time="4.935"/>
  <system-out/>
  <testcase classname="com.api.tests.CreateJobApiRequest" name="test_if_data_entered_correctly_in_DB" time="1.147"/>
  <system-out/>
</testsuite> <!-- com.api.tests.CreateJobApiRequest -->
