<?xml version="1.0" encoding="UTF-8"?>
<!-- Generated by org.testng.reporters.JUnitReportReporter -->
<testsuite hostname="DESKTOP-T8JE89P" failures="0" tests="1" name="com.api.tests.CreateJobApiRequest" time="7.359" errors="0" timestamp="2023-11-27T00:52:16 IST" skipped="0">
  <testcase classname="com.api.tests.CreateJobApiRequest" name="Test_api_create_joB" time="7.359"/>
  <system-out/>
</testsuite> <!-- com.api.tests.CreateJobApiRequest -->
